{"C:\\Users\\KIIT\\WebstormProjects\\keploy-assignment-2\\be\\db.js": {"path":"C:\\Users\\KIIT\\WebstormProjects\\keploy-assignment-2\\be\\db.js","statementMap":{"0":{"start":{"line":3,"column":0},"end":{"line":10,"column":4}},"1":{"start":{"line":4,"column":4},"end":{"line":9,"column":5}},"2":{"start":{"line":5,"column":8},"end":{"line":5,"column":65}},"3":{"start":{"line":6,"column":8},"end":{"line":6,"column":48}},"4":{"start":{"line":8,"column":8},"end":{"line":8,"column":59}},"5":{"start":{"line":12,"column":19},"end":{"line":16,"column":2}},"6":{"start":{"line":18,"column":20},"end":{"line":21,"column":2}},"7":{"start":{"line":23,"column":13},"end":{"line":23,"column":47}},"8":{"start":{"line":24,"column":13},"end":{"line":24,"column":47}}},"fnMap":{"0":{"name":"(anonymous_0)","decl":{"start":{"line":3,"column":1},"end":{"line":3,"column":2}},"loc":{"start":{"line":3,"column":12},"end":{"line":10,"column":1}},"line":3}},"branchMap":{},"s":{"0":3,"1":3,"2":3,"3":2,"4":0,"5":3,"6":3,"7":3,"8":3},"f":{"0":3},"b":{},"inputSourceMap":null,"_coverageSchema":"1a1c01bbd47fc00a2c39e90264f33305004495a9","hash":"a93650727a2272a6afd1a8ad79458372cccaa7cc"}
,"C:\\Users\\KIIT\\WebstormProjects\\keploy-assignment-2\\be\\index.js": {"path":"C:\\Users\\KIIT\\WebstormProjects\\keploy-assignment-2\\be\\index.js","statementMap":{"0":{"start":{"line":5,"column":12},"end":{"line":5,"column":21}},"1":{"start":{"line":7,"column":0},"end":{"line":7,"column":23}},"2":{"start":{"line":9,"column":0},"end":{"line":18,"column":2}},"3":{"start":{"line":10,"column":4},"end":{"line":17,"column":5}},"4":{"start":{"line":11,"column":26},"end":{"line":11,"column":52}},"5":{"start":{"line":12,"column":8},"end":{"line":12,"column":27}},"6":{"start":{"line":14,"column":8},"end":{"line":16,"column":10}},"7":{"start":{"line":20,"column":19},"end":{"line":23,"column":2}},"8":{"start":{"line":25,"column":0},"end":{"line":48,"column":2}},"9":{"start":{"line":26,"column":4},"end":{"line":47,"column":5}},"10":{"start":{"line":27,"column":21},"end":{"line":27,"column":29}},"11":{"start":{"line":28,"column":26},"end":{"line":28,"column":52}},"12":{"start":{"line":29,"column":8},"end":{"line":33,"column":9}},"13":{"start":{"line":30,"column":12},"end":{"line":32,"column":14}},"14":{"start":{"line":35,"column":29},"end":{"line":38,"column":10}},"15":{"start":{"line":39,"column":8},"end":{"line":42,"column":10}},"16":{"start":{"line":44,"column":8},"end":{"line":46,"column":10}},"17":{"start":{"line":50,"column":25},"end":{"line":53,"column":2}},"18":{"start":{"line":55,"column":0},"end":{"line":80,"column":3}},"19":{"start":{"line":56,"column":4},"end":{"line":79,"column":5}},"20":{"start":{"line":57,"column":23},"end":{"line":57,"column":33}},"21":{"start":{"line":58,"column":21},"end":{"line":58,"column":29}},"22":{"start":{"line":60,"column":35},"end":{"line":60,"column":67}},"23":{"start":{"line":61,"column":8},"end":{"line":63,"column":9}},"24":{"start":{"line":62,"column":12},"end":{"line":62,"column":91}},"25":{"start":{"line":65,"column":28},"end":{"line":67,"column":10}},"26":{"start":{"line":69,"column":8},"end":{"line":71,"column":9}},"27":{"start":{"line":70,"column":12},"end":{"line":70,"column":71}},"28":{"start":{"line":73,"column":8},"end":{"line":76,"column":11}},"29":{"start":{"line":78,"column":8},"end":{"line":78,"column":79}},"30":{"start":{"line":82,"column":0},"end":{"line":99,"column":3}},"31":{"start":{"line":83,"column":4},"end":{"line":98,"column":5}},"32":{"start":{"line":84,"column":23},"end":{"line":84,"column":33}},"33":{"start":{"line":86,"column":28},"end":{"line":86,"column":60}},"34":{"start":{"line":88,"column":8},"end":{"line":90,"column":9}},"35":{"start":{"line":89,"column":12},"end":{"line":89,"column":71}},"36":{"start":{"line":92,"column":8},"end":{"line":95,"column":11}},"37":{"start":{"line":97,"column":8},"end":{"line":97,"column":79}}},"fnMap":{"0":{"name":"(anonymous_0)","decl":{"start":{"line":9,"column":13},"end":{"line":9,"column":14}},"loc":{"start":{"line":9,"column":31},"end":{"line":18,"column":1}},"line":9},"1":{"name":"(anonymous_1)","decl":{"start":{"line":25,"column":17},"end":{"line":25,"column":18}},"loc":{"start":{"line":25,"column":35},"end":{"line":48,"column":1}},"line":25},"2":{"name":"(anonymous_2)","decl":{"start":{"line":55,"column":25},"end":{"line":55,"column":26}},"loc":{"start":{"line":55,"column":45},"end":{"line":80,"column":1}},"line":55},"3":{"name":"(anonymous_3)","decl":{"start":{"line":82,"column":26},"end":{"line":82,"column":27}},"loc":{"start":{"line":82,"column":46},"end":{"line":99,"column":1}},"line":82}},"branchMap":{"0":{"loc":{"start":{"line":29,"column":8},"end":{"line":33,"column":9}},"type":"if","locations":[{"start":{"line":29,"column":8},"end":{"line":33,"column":9}},{"start":{},"end":{}}],"line":29},"1":{"loc":{"start":{"line":61,"column":8},"end":{"line":63,"column":9}},"type":"if","locations":[{"start":{"line":61,"column":8},"end":{"line":63,"column":9}},{"start":{},"end":{}}],"line":61},"2":{"loc":{"start":{"line":69,"column":8},"end":{"line":71,"column":9}},"type":"if","locations":[{"start":{"line":69,"column":8},"end":{"line":71,"column":9}},{"start":{},"end":{}}],"line":69},"3":{"loc":{"start":{"line":88,"column":8},"end":{"line":90,"column":9}},"type":"if","locations":[{"start":{"line":88,"column":8},"end":{"line":90,"column":9}},{"start":{},"end":{}}],"line":88}},"s":{"0":1,"1":1,"2":1,"3":0,"4":0,"5":0,"6":0,"7":1,"8":1,"9":0,"10":0,"11":0,"12":0,"13":0,"14":0,"15":0,"16":0,"17":1,"18":1,"19":0,"20":0,"21":0,"22":0,"23":0,"24":0,"25":0,"26":0,"27":0,"28":0,"29":0,"30":1,"31":0,"32":0,"33":0,"34":0,"35":0,"36":0,"37":0},"f":{"0":0,"1":0,"2":0,"3":0},"b":{"0":[0,0],"1":[0,0],"2":[0,0],"3":[0,0]},"inputSourceMap":null,"_coverageSchema":"1a1c01bbd47fc00a2c39e90264f33305004495a9","hash":"b6ef692970564f1ec70ef4f1a32129846c1d4d90"}
}
